<?xml version="1.0" encoding="UTF-8"?>
<TestRun id="067afeb7-7370-4944-98ee-07305769587c" name="PMcLaughlin@PMCLAUGHLIN764 2013-02-25 11:34:47" runUser="NAVIMEDIX\PMcLaughlin" xmlns="http://microsoft.com/schemas/VisualStudio/TeamTest/2010">
  <TestSettings name="Local" id="f46b6137-c9ed-46c4-b39f-485446ae98dd">
    <Description>These are default test settings for a local test run.</Description>
    <Deployment enabled="false" runDeploymentRoot="PMcLaughlin_PMCLAUGHLIN764 2013-02-25 11_34_47" />
    <Execution>
      <TestTypeSpecific />
      <AgentRule name="Execution Agents">
      </AgentRule>
    </Execution>
  </TestSettings>
  <Times creation="2013-02-25T11:34:47.6535808+00:00" queuing="2013-02-25T11:34:47.9636118+00:00" start="2013-02-25T11:34:48.2356390+00:00" finish="2013-02-25T11:34:49.1987353+00:00" />
  <ResultSummary outcome="Completed">
    <Counters total="1" executed="1" passed="1" error="0" failed="0" timeout="0" aborted="0" inconclusive="0" passedButRunAborted="0" notRunnable="0" notExecuted="0" disconnected="0" warning="0" completed="0" inProgress="0" pending="0" />
  </ResultSummary>
  <TestDefinitions>
    <UnitTest name="Can_Send_Pagination_View_Model" storage="c:\users\pmclaughlin\documents\personal\programming\mvc4\sportsstore\sportsstore.unittests\bin\debug\sportsstore.unittests.dll" id="bb3b9cb9-0f24-c573-9ffe-63236e200b60">
      <Execution timeOut="1800000" id="e4caad41-131d-42a2-94ae-d496b716912e" />
      <TestMethod codeBase="C:/Users/PMcLaughlin/Documents/Personal/Programming/MVC4/SportsStore/SportsStore.UnitTests/bin/Debug/SportsStore.UnitTests.DLL" adapterTypeName="Microsoft.VisualStudio.TestTools.TestTypes.Unit.UnitTestAdapter, Microsoft.VisualStudio.QualityTools.Tips.UnitTest.Adapter, Version=10.0.0.0, Culture=neutral, PublicKeyToken=b03f5f7f11d50a3a" className="SportsStore.UnitTests.ProductsListViewModelFixture, SportsStore.UnitTests, Version=1.0.0.0, Culture=neutral, PublicKeyToken=null" name="Can_Send_Pagination_View_Model" />
    </UnitTest>
  </TestDefinitions>
  <TestLists>
    <TestList name="Results Not in a List" id="8c84fa94-04c1-424b-9868-57a2d4851a1d" />
    <TestList name="All Loaded Results" id="19431567-8539-422a-85d7-44ee4e166bda" />
  </TestLists>
  <TestEntries>
    <TestEntry testId="bb3b9cb9-0f24-c573-9ffe-63236e200b60" executionId="e4caad41-131d-42a2-94ae-d496b716912e" testListId="8c84fa94-04c1-424b-9868-57a2d4851a1d" />
  </TestEntries>
  <Results>
    <UnitTestResult executionId="e4caad41-131d-42a2-94ae-d496b716912e" testId="bb3b9cb9-0f24-c573-9ffe-63236e200b60" testName="Can_Send_Pagination_View_Model" computerName="PMCLAUGHLIN764" duration="00:00:00.6186368" startTime="2013-02-25T11:34:48.4086563+00:00" endTime="2013-02-25T11:34:49.0927247+00:00" testType="13cdc9d9-ddb5-4fa4-a97d-d965ccfc6d4b" outcome="Passed" testListId="8c84fa94-04c1-424b-9868-57a2d4851a1d" relativeResultsDirectory="e4caad41-131d-42a2-94ae-d496b716912e">
    </UnitTestResult>
  </Results>
</TestRun>