<?xml version="1.0" encoding="UTF-8"?>
<TestRun id="984664fb-135d-4615-ad17-5d466d04e634" name="PMcLaughlin@PMCLAUGHLIN764 2013-02-25 11:10:21" runUser="NAVIMEDIX\PMcLaughlin" xmlns="http://microsoft.com/schemas/VisualStudio/TeamTest/2010">
  <TestSettings name="Local" id="f46b6137-c9ed-46c4-b39f-485446ae98dd">
    <Description>These are default test settings for a local test run.</Description>
    <Deployment enabled="false" runDeploymentRoot="PMcLaughlin_PMCLAUGHLIN764 2013-02-25 11_10_21" />
    <Execution>
      <TestTypeSpecific />
      <AgentRule name="Execution Agents">
      </AgentRule>
    </Execution>
  </TestSettings>
  <Times creation="2013-02-25T11:10:21.1889494+00:00" queuing="2013-02-25T11:10:21.5179494+00:00" start="2013-02-25T11:10:21.7579494+00:00" finish="2013-02-25T11:10:22.4659494+00:00" />
  <ResultSummary outcome="Failed">
    <Counters total="1" executed="1" error="0" failed="1" timeout="0" aborted="0" inconclusive="0" passedButRunAborted="0" notRunnable="0" notExecuted="0" disconnected="0" warning="0" passed="0" completed="0" inProgress="0" pending="0" />
  </ResultSummary>
  <TestDefinitions>
    <UnitTest name="Can_Generate_Page_Links" storage="c:\users\pmclaughlin\documents\personal\programming\mvc4\sportsstore\sportsstore.unittests\bin\debug\sportsstore.unittests.dll" id="af96516e-b25f-c23e-065b-712402f28a2c">
      <Execution timeOut="1800000" id="677ecc2e-ce42-46c7-8d79-2ecba595b8fa" />
      <TestMethod codeBase="C:/Users/PMcLaughlin/Documents/Personal/Programming/MVC4/SportsStore/SportsStore.UnitTests/bin/Debug/SportsStore.UnitTests.DLL" adapterTypeName="Microsoft.VisualStudio.TestTools.TestTypes.Unit.UnitTestAdapter, Microsoft.VisualStudio.QualityTools.Tips.UnitTest.Adapter, Version=10.0.0.0, Culture=neutral, PublicKeyToken=b03f5f7f11d50a3a" className="SportsStore.UnitTests.PagingInfoFixture, SportsStore.UnitTests, Version=1.0.0.0, Culture=neutral, PublicKeyToken=null" name="Can_Generate_Page_Links" />
    </UnitTest>
  </TestDefinitions>
  <TestLists>
    <TestList name="Results Not in a List" id="8c84fa94-04c1-424b-9868-57a2d4851a1d" />
    <TestList name="All Loaded Results" id="19431567-8539-422a-85d7-44ee4e166bda" />
  </TestLists>
  <TestEntries>
    <TestEntry testId="af96516e-b25f-c23e-065b-712402f28a2c" executionId="677ecc2e-ce42-46c7-8d79-2ecba595b8fa" testListId="8c84fa94-04c1-424b-9868-57a2d4851a1d" />
  </TestEntries>
  <Results>
    <UnitTestResult executionId="677ecc2e-ce42-46c7-8d79-2ecba595b8fa" testId="af96516e-b25f-c23e-065b-712402f28a2c" testName="Can_Generate_Page_Links" computerName="PMCLAUGHLIN764" duration="00:00:00.3893235" startTime="2013-02-25T11:10:21.9129494+00:00" endTime="2013-02-25T11:10:22.3639494+00:00" testType="13cdc9d9-ddb5-4fa4-a97d-d965ccfc6d4b" outcome="Failed" testListId="8c84fa94-04c1-424b-9868-57a2d4851a1d" relativeResultsDirectory="677ecc2e-ce42-46c7-8d79-2ecba595b8fa">
      <Output>
        <ErrorInfo>
          <Message>Assert.AreEqual failed. Expected:&lt;&lt;a href="Page1"&gt;1&lt;/a&gt;&lt;a class="&amp;lt;a href=&amp;quot;Page2&amp;quot;&gt;2&amp;lt;/a&gt;" href="Page2"&gt;2&lt;/a&gt;&gt;. Actual:&lt;&lt;a herf="Page1"&gt;1&lt;/a&gt;&lt;a class="selected" herf="Page2"&gt;2&lt;/a&gt;&lt;a herf="Page3"&gt;3&lt;/a&gt;&gt;. </Message>
          <StackTrace>   at SportsStore.UnitTests.PagingInfoFixture.Can_Generate_Page_Links() in C:\Users\PMcLaughlin\Documents\Personal\Programming\MVC4\SportsStore\SportsStore.UnitTests\PagingInfoFixture.cs:line 38
</StackTrace>
        </ErrorInfo>
      </Output>
    </UnitTestResult>
  </Results>
</TestRun>