<?xml version="1.0" encoding="UTF-8"?>
<TestRun id="7b0b63b8-364c-4571-89b4-ee50ce9e4bff" name="PMcLaughlin@PMCLAUGHLIN764 2013-02-25 11:36:07" runUser="NAVIMEDIX\PMcLaughlin" xmlns="http://microsoft.com/schemas/VisualStudio/TeamTest/2010">
  <TestSettings name="Local" id="f46b6137-c9ed-46c4-b39f-485446ae98dd">
    <Description>These are default test settings for a local test run.</Description>
    <Deployment enabled="false" runDeploymentRoot="PMcLaughlin_PMCLAUGHLIN764 2013-02-25 11_36_07" />
    <Execution>
      <TestTypeSpecific />
      <AgentRule name="Execution Agents">
      </AgentRule>
    </Execution>
  </TestSettings>
  <Times creation="2013-02-25T11:36:07.2225369+00:00" queuing="2013-02-25T11:36:07.5505697+00:00" start="2013-02-25T11:36:07.8546001+00:00" finish="2013-02-25T11:36:08.8817028+00:00" />
  <ResultSummary outcome="Completed">
    <Counters total="3" executed="3" passed="3" error="0" failed="0" timeout="0" aborted="0" inconclusive="0" passedButRunAborted="0" notRunnable="0" notExecuted="0" disconnected="0" warning="0" completed="0" inProgress="0" pending="0" />
  </ResultSummary>
  <TestDefinitions>
    <UnitTest name="Can_Paginate" storage="c:\users\pmclaughlin\documents\personal\programming\mvc4\sportsstore\sportsstore.unittests\bin\debug\sportsstore.unittests.dll" id="2065cb38-f69f-dafc-19b4-5013002de7df">
      <Execution timeOut="1800000" id="599a94ae-1ab6-4384-8afa-db740eafd6dc" />
      <TestMethod codeBase="C:/Users/PMcLaughlin/Documents/Personal/Programming/MVC4/SportsStore/SportsStore.UnitTests/bin/Debug/SportsStore.UnitTests.DLL" adapterTypeName="Microsoft.VisualStudio.TestTools.TestTypes.Unit.UnitTestAdapter, Microsoft.VisualStudio.QualityTools.Tips.UnitTest.Adapter, Version=10.0.0.0, Culture=neutral, PublicKeyToken=b03f5f7f11d50a3a" className="SportsStore.UnitTests.UnitTest1, SportsStore.UnitTests, Version=1.0.0.0, Culture=neutral, PublicKeyToken=null" name="Can_Paginate" />
    </UnitTest>
    <UnitTest name="Can_Generate_Page_Links" storage="c:\users\pmclaughlin\documents\personal\programming\mvc4\sportsstore\sportsstore.unittests\bin\debug\sportsstore.unittests.dll" id="af96516e-b25f-c23e-065b-712402f28a2c">
      <Execution timeOut="1800000" id="7ec7b652-dee3-4141-93fe-6fcb1f0bbef1" />
      <TestMethod codeBase="C:/Users/PMcLaughlin/Documents/Personal/Programming/MVC4/SportsStore/SportsStore.UnitTests/bin/Debug/SportsStore.UnitTests.DLL" adapterTypeName="Microsoft.VisualStudio.TestTools.TestTypes.Unit.UnitTestAdapter, Microsoft.VisualStudio.QualityTools.Tips.UnitTest.Adapter, Version=10.0.0.0, Culture=neutral, PublicKeyToken=b03f5f7f11d50a3a" className="SportsStore.UnitTests.PagingInfoFixture, SportsStore.UnitTests, Version=1.0.0.0, Culture=neutral, PublicKeyToken=null" name="Can_Generate_Page_Links" />
    </UnitTest>
    <UnitTest name="Can_Send_Pagination_View_Model" storage="c:\users\pmclaughlin\documents\personal\programming\mvc4\sportsstore\sportsstore.unittests\bin\debug\sportsstore.unittests.dll" id="bb3b9cb9-0f24-c573-9ffe-63236e200b60">
      <Execution timeOut="1800000" id="a495f586-44d1-42d5-8653-404d82d8a08d" />
      <TestMethod codeBase="C:/Users/PMcLaughlin/Documents/Personal/Programming/MVC4/SportsStore/SportsStore.UnitTests/bin/Debug/SportsStore.UnitTests.DLL" adapterTypeName="Microsoft.VisualStudio.TestTools.TestTypes.Unit.UnitTestAdapter, Microsoft.VisualStudio.QualityTools.Tips.UnitTest.Adapter, Version=10.0.0.0, Culture=neutral, PublicKeyToken=b03f5f7f11d50a3a" className="SportsStore.UnitTests.ProductsListViewModelFixture, SportsStore.UnitTests, Version=1.0.0.0, Culture=neutral, PublicKeyToken=null" name="Can_Send_Pagination_View_Model" />
    </UnitTest>
  </TestDefinitions>
  <TestLists>
    <TestList name="Results Not in a List" id="8c84fa94-04c1-424b-9868-57a2d4851a1d" />
    <TestList name="All Loaded Results" id="19431567-8539-422a-85d7-44ee4e166bda" />
  </TestLists>
  <TestEntries>
    <TestEntry testId="af96516e-b25f-c23e-065b-712402f28a2c" executionId="7ec7b652-dee3-4141-93fe-6fcb1f0bbef1" testListId="8c84fa94-04c1-424b-9868-57a2d4851a1d" />
    <TestEntry testId="bb3b9cb9-0f24-c573-9ffe-63236e200b60" executionId="a495f586-44d1-42d5-8653-404d82d8a08d" testListId="8c84fa94-04c1-424b-9868-57a2d4851a1d" />
    <TestEntry testId="2065cb38-f69f-dafc-19b4-5013002de7df" executionId="599a94ae-1ab6-4384-8afa-db740eafd6dc" testListId="8c84fa94-04c1-424b-9868-57a2d4851a1d" />
  </TestEntries>
  <Results>
    <UnitTestResult executionId="7ec7b652-dee3-4141-93fe-6fcb1f0bbef1" testId="af96516e-b25f-c23e-065b-712402f28a2c" testName="Can_Generate_Page_Links" computerName="PMCLAUGHLIN764" duration="00:00:00.1161996" startTime="2013-02-25T11:36:08.0246171+00:00" endTime="2013-02-25T11:36:08.2056352+00:00" testType="13cdc9d9-ddb5-4fa4-a97d-d965ccfc6d4b" outcome="Passed" testListId="8c84fa94-04c1-424b-9868-57a2d4851a1d" relativeResultsDirectory="7ec7b652-dee3-4141-93fe-6fcb1f0bbef1">
    </UnitTestResult>
    <UnitTestResult executionId="a495f586-44d1-42d5-8653-404d82d8a08d" testId="bb3b9cb9-0f24-c573-9ffe-63236e200b60" testName="Can_Send_Pagination_View_Model" computerName="PMCLAUGHLIN764" duration="00:00:00.5411624" startTime="2013-02-25T11:36:08.2086355+00:00" endTime="2013-02-25T11:36:08.7516898+00:00" testType="13cdc9d9-ddb5-4fa4-a97d-d965ccfc6d4b" outcome="Passed" testListId="8c84fa94-04c1-424b-9868-57a2d4851a1d" relativeResultsDirectory="a495f586-44d1-42d5-8653-404d82d8a08d">
    </UnitTestResult>
    <UnitTestResult executionId="599a94ae-1ab6-4384-8afa-db740eafd6dc" testId="2065cb38-f69f-dafc-19b4-5013002de7df" testName="Can_Paginate" computerName="PMCLAUGHLIN764" duration="00:00:00.0353590" startTime="2013-02-25T11:36:08.7546901+00:00" endTime="2013-02-25T11:36:08.7906937+00:00" testType="13cdc9d9-ddb5-4fa4-a97d-d965ccfc6d4b" outcome="Passed" testListId="8c84fa94-04c1-424b-9868-57a2d4851a1d" relativeResultsDirectory="599a94ae-1ab6-4384-8afa-db740eafd6dc">
    </UnitTestResult>
  </Results>
</TestRun>