<?xml version="1.0" encoding="UTF-8"?>
<TestRun id="2487a5f3-d5d4-44e5-bee3-ac9e6e6b474f" name="PMcLaughlin@PMCLAUGHLIN764 2013-02-25 11:17:57" runUser="NAVIMEDIX\PMcLaughlin" xmlns="http://microsoft.com/schemas/VisualStudio/TeamTest/2010">
  <TestSettings name="Local" id="f46b6137-c9ed-46c4-b39f-485446ae98dd">
    <Description>These are default test settings for a local test run.</Description>
    <Deployment enabled="false" runDeploymentRoot="PMcLaughlin_PMCLAUGHLIN764 2013-02-25 11_17_57" />
    <Execution>
      <TestTypeSpecific />
      <AgentRule name="Execution Agents">
      </AgentRule>
    </Execution>
  </TestSettings>
  <Times creation="2013-02-25T11:17:57.8849494+00:00" queuing="2013-02-25T11:17:58.1859494+00:00" start="2013-02-25T11:17:58.4479494+00:00" finish="2013-02-25T11:17:58.8449494+00:00" />
  <ResultSummary outcome="Completed">
    <Counters total="1" executed="1" passed="1" error="0" failed="0" timeout="0" aborted="0" inconclusive="0" passedButRunAborted="0" notRunnable="0" notExecuted="0" disconnected="0" warning="0" completed="0" inProgress="0" pending="0" />
  </ResultSummary>
  <TestDefinitions>
    <UnitTest name="Can_Generate_Page_Links" storage="c:\users\pmclaughlin\documents\personal\programming\mvc4\sportsstore\sportsstore.unittests\bin\debug\sportsstore.unittests.dll" id="af96516e-b25f-c23e-065b-712402f28a2c">
      <Execution timeOut="1800000" id="75186e9e-985d-4294-b746-86c56a0889df" />
      <TestMethod codeBase="C:/Users/PMcLaughlin/Documents/Personal/Programming/MVC4/SportsStore/SportsStore.UnitTests/bin/Debug/SportsStore.UnitTests.DLL" adapterTypeName="Microsoft.VisualStudio.TestTools.TestTypes.Unit.UnitTestAdapter, Microsoft.VisualStudio.QualityTools.Tips.UnitTest.Adapter, Version=10.0.0.0, Culture=neutral, PublicKeyToken=b03f5f7f11d50a3a" className="SportsStore.UnitTests.PagingInfoFixture, SportsStore.UnitTests, Version=1.0.0.0, Culture=neutral, PublicKeyToken=null" name="Can_Generate_Page_Links" />
    </UnitTest>
  </TestDefinitions>
  <TestLists>
    <TestList name="Results Not in a List" id="8c84fa94-04c1-424b-9868-57a2d4851a1d" />
    <TestList name="All Loaded Results" id="19431567-8539-422a-85d7-44ee4e166bda" />
  </TestLists>
  <TestEntries>
    <TestEntry testId="af96516e-b25f-c23e-065b-712402f28a2c" executionId="75186e9e-985d-4294-b746-86c56a0889df" testListId="8c84fa94-04c1-424b-9868-57a2d4851a1d" />
  </TestEntries>
  <Results>
    <UnitTestResult executionId="75186e9e-985d-4294-b746-86c56a0889df" testId="af96516e-b25f-c23e-065b-712402f28a2c" testName="Can_Generate_Page_Links" computerName="PMCLAUGHLIN764" duration="00:00:00.1015480" startTime="2013-02-25T11:17:58.5959494+00:00" endTime="2013-02-25T11:17:58.7579494+00:00" testType="13cdc9d9-ddb5-4fa4-a97d-d965ccfc6d4b" outcome="Passed" testListId="8c84fa94-04c1-424b-9868-57a2d4851a1d" relativeResultsDirectory="75186e9e-985d-4294-b746-86c56a0889df">
    </UnitTestResult>
  </Results>
</TestRun>